2023-07-22 17:32:30,186 - Ecommerce -INFO - Enter URL
2023-07-22 17:32:30,311 - Ecommerce -INFO - Maximize browser
2023-07-22 17:32:30,806 - Ecommerce -INFO - clicked on register button
2023-07-22 17:32:30,858 - Ecommerce -INFO - Select Gender
2023-07-22 17:36:13,087 - Ecommerce -INFO - Enter URL
2023-07-22 17:36:13,215 - Ecommerce -INFO - Maximize browser
2023-07-22 17:36:14,480 - Ecommerce -INFO - clicked on register button
2023-07-22 17:36:14,533 - Ecommerce -INFO - Select Gender
2023-07-24 22:22:17,846 - Ecommerce -INFO - Enter URL
2023-07-24 22:22:17,963 - Ecommerce -INFO - Maximize browser
2023-07-24 22:22:18,519 - Ecommerce -INFO - clicked on register button
2023-07-24 22:22:18,575 - Ecommerce -INFO - Select Gender
2023-07-24 22:24:29,281 - Ecommerce -INFO - Enter URL
2023-07-24 22:24:29,420 - Ecommerce -INFO - Maximize browser
2023-07-24 22:24:30,740 - Ecommerce -INFO - clicked on register button
2023-07-24 22:24:30,805 - Ecommerce -INFO - Select Gender
2023-07-24 23:13:09,768 - Ecommerce -INFO - Enter URL
2023-07-24 23:13:09,890 - Ecommerce -INFO - Maximize browser
2023-07-24 23:13:11,139 - Ecommerce -INFO - clicked on register button
2023-07-24 23:13:11,190 - Ecommerce -INFO - Select Gender
2023-07-24 23:16:52,873 - Ecommerce -INFO - Enter URL
2023-07-24 23:16:52,996 - Ecommerce -INFO - Maximize browser
2023-07-24 23:16:54,209 - Ecommerce -INFO - clicked on register button
2023-07-24 23:16:54,257 - Ecommerce -INFO - Select Gender
2023-07-24 23:28:59,952 - Ecommerce -INFO - Enter URL
2023-07-24 23:29:00,080 - Ecommerce -INFO - Maximize browser
2023-07-24 23:29:02,276 - Ecommerce -INFO - clicked on register button
2023-07-24 23:29:02,335 - Ecommerce -INFO - Select Gender
2023-07-24 23:48:09,670 - Ecommerce -INFO - Enter URL
2023-07-24 23:48:09,791 - Ecommerce -INFO - Maximize browser
2023-07-24 23:48:11,483 - Ecommerce -INFO - clicked on register button
2023-07-24 23:48:11,541 - Ecommerce -INFO - Select Gender
2023-07-24 23:56:33,761 - Ecommerce -INFO - Enter URL
2023-07-24 23:56:33,892 - Ecommerce -INFO - Maximize browser
2023-07-24 23:56:35,481 - Ecommerce -INFO - clicked on register button
2023-07-24 23:56:35,535 - Ecommerce -INFO - Select Gender
2023-07-25 00:00:56,370 - Ecommerce -INFO - Enter URL
2023-07-25 00:00:56,487 - Ecommerce -INFO - Maximize browser
2023-07-25 00:00:57,917 - Ecommerce -INFO - clicked on register button
2023-07-25 00:00:57,971 - Ecommerce -INFO - Select Gender
2023-07-25 00:03:23,766 - Ecommerce -INFO - Enter URL
2023-07-25 00:03:23,903 - Ecommerce -INFO - Maximize browser
2023-07-25 00:03:25,283 - Ecommerce -INFO - clicked on register button
2023-07-25 00:03:25,354 - Ecommerce -INFO - Select Gender
2023-07-25 00:03:25,418 - Ecommerce -INFO - Enter First Name
2023-07-25 00:03:25,495 - Ecommerce -INFO - Enter Last Name
2023-07-25 00:03:28,577 - Ecommerce -INFO - Enter Email Address
2023-07-25 00:03:28,638 - Ecommerce -INFO - Enter Password
2023-07-25 00:03:28,704 - Ecommerce -INFO - Enter confirm Password
2023-07-25 00:03:32,556 - Ecommerce -INFO - Created user succesfully
2023-07-25 00:07:57,474 - Ecommerce -INFO - Enter URL
2023-07-25 00:07:57,601 - Ecommerce -INFO - Maximize browser
2023-07-25 00:07:58,958 - Ecommerce -INFO - clicked on register button
2023-07-25 00:07:59,018 - Ecommerce -INFO - Select Gender
2023-07-25 00:07:59,102 - Ecommerce -INFO - Enter First Name
2023-07-25 00:07:59,216 - Ecommerce -INFO - Enter Last Name
2023-07-25 00:08:02,307 - Ecommerce -INFO - Enter Email Address
2023-07-25 00:08:02,370 - Ecommerce -INFO - Enter Password
2023-07-25 00:08:02,435 - Ecommerce -INFO - Enter confirm Password
2023-07-25 00:08:06,439 - Ecommerce -INFO - Created user succesfully
2023-07-25 00:11:49,177 - Ecommerce -INFO - Enter URL
2023-07-25 00:11:49,303 - Ecommerce -INFO - Maximize browser
2023-07-25 00:11:50,586 - Ecommerce -INFO - clicked on register button
2023-07-25 00:11:50,687 - Ecommerce -INFO - Select Gender
2023-07-25 00:11:50,750 - Ecommerce -INFO - Enter First Name
2023-07-25 00:11:50,821 - Ecommerce -INFO - Enter Last Name
2023-07-25 00:11:53,908 - Ecommerce -INFO - Enter Email Address
2023-07-25 00:11:53,972 - Ecommerce -INFO - Enter Password
2023-07-25 00:11:54,075 - Ecommerce -INFO - Enter confirm Password
2023-07-25 00:11:57,978 - Ecommerce -INFO - Created user succesfully
2023-07-25 00:18:23,954 - Ecommerce -INFO - Enter URL
2023-07-25 00:18:24,078 - Ecommerce -INFO - Maximize browser
2023-07-25 00:18:24,604 - Ecommerce -INFO - clicked on register button
2023-07-25 00:18:24,655 - Ecommerce -INFO - Select Gender
2023-07-25 00:18:24,740 - Ecommerce -INFO - Enter First Name
2023-07-25 00:18:24,801 - Ecommerce -INFO - Enter Last Name
2023-07-25 00:18:27,881 - Ecommerce -INFO - Enter Email Address
2023-07-25 00:18:27,942 - Ecommerce -INFO - Enter Password
2023-07-25 00:18:28,004 - Ecommerce -INFO - Enter confirm Password
2023-07-25 00:18:32,204 - Ecommerce -INFO - Created user succesfully
2023-07-25 13:50:29,513 - Ecommerce -INFO - Enter URL
2023-07-25 13:50:29,645 - Ecommerce -INFO - Maximize browser
2023-07-25 13:50:30,875 - Ecommerce -INFO - clicked on register button
2023-07-25 13:50:30,932 - Ecommerce -INFO - Select Gender
2023-07-25 13:50:31,004 - Ecommerce -INFO - Enter First Name
2023-07-25 13:50:31,070 - Ecommerce -INFO - Enter Last Name
2023-07-25 13:50:34,151 - Ecommerce -INFO - Enter Email Address
2023-07-25 13:50:34,211 - Ecommerce -INFO - Enter Password
2023-07-25 13:50:34,270 - Ecommerce -INFO - Enter confirm Password
2023-07-25 13:50:39,543 - Ecommerce -INFO - Created user succesfully
2023-07-25 13:56:37,744 - Ecommerce -INFO - Enter URL
2023-07-25 13:56:37,867 - Ecommerce -INFO - Maximize browser
2023-07-25 13:56:38,341 - Ecommerce -INFO - clicked on register button
2023-07-25 13:56:38,395 - Ecommerce -INFO - Select Gender
2023-07-25 13:56:38,453 - Ecommerce -INFO - Enter First Name
2023-07-25 13:56:38,527 - Ecommerce -INFO - Enter Last Name
2023-07-25 13:56:41,615 - Ecommerce -INFO - Enter Email Address
2023-07-25 13:56:41,680 - Ecommerce -INFO - Enter Password
2023-07-25 13:56:41,739 - Ecommerce -INFO - Enter confirm Password
2023-07-25 13:56:45,567 - Ecommerce -INFO - Created user succesfully
2023-07-25 14:12:13,457 - Ecommerce -INFO - Enter URL
2023-07-25 14:12:13,597 - Ecommerce -INFO - Maximize browser
2023-07-25 14:12:14,937 - Ecommerce -INFO - clicked on register button
2023-07-25 14:12:15,007 - Ecommerce -INFO - Select Gender
2023-07-25 14:12:15,095 - Ecommerce -INFO - Enter First Name
2023-07-25 14:12:15,165 - Ecommerce -INFO - Enter Last Name
2023-07-25 14:12:18,252 - Ecommerce -INFO - Enter Email Address
2023-07-25 14:12:18,315 - Ecommerce -INFO - Enter Password
2023-07-25 14:12:18,384 - Ecommerce -INFO - Enter confirm Password
2023-07-25 14:12:22,301 - Ecommerce -INFO - Created user succesfully
2023-07-25 15:32:33,404 - Ecommerce -INFO - Enter URL
2023-07-25 15:32:33,528 - Ecommerce -INFO - Maximize browser
2023-07-25 15:32:34,740 - Ecommerce -INFO - clicked on register button
2023-07-25 15:32:34,788 - Ecommerce -INFO - Select Gender
2023-07-25 15:32:34,844 - Ecommerce -INFO - Enter First Name
2023-07-25 15:32:34,896 - Ecommerce -INFO - Enter Last Name
2023-07-25 15:32:37,960 - Ecommerce -INFO - Enter Email Address
2023-07-25 15:32:38,019 - Ecommerce -INFO - Enter Password
2023-07-25 15:32:38,082 - Ecommerce -INFO - Enter confirm Password
2023-07-25 15:32:41,997 - Ecommerce -INFO - Created user succesfully
2023-07-27 09:58:15,562 - Ecommerce -INFO - Enter URL
2023-07-27 09:58:15,700 - Ecommerce -INFO - Maximize browser
2023-07-27 09:58:17,050 - Ecommerce -INFO - clicked on register button
2023-07-27 09:58:17,164 - Ecommerce -INFO - Select Gender
2023-07-27 09:58:17,352 - Ecommerce -INFO - Enter First Name
2023-07-27 09:58:17,529 - Ecommerce -INFO - Enter Last Name
2023-07-27 09:58:20,624 - Ecommerce -INFO - Enter Email Address
2023-07-27 09:58:20,707 - Ecommerce -INFO - Enter Password
2023-07-27 09:58:20,790 - Ecommerce -INFO - Enter confirm Password
2023-07-27 09:58:24,595 - Ecommerce -INFO - Created user succesfully
2023-07-27 10:06:56,150 - Ecommerce -INFO - Enter URL
2023-07-27 10:06:56,279 - Ecommerce -INFO - Maximize browser
2023-07-27 10:06:57,570 - Ecommerce -INFO - clicked on register button
2023-07-27 10:06:57,638 - Ecommerce -INFO - Select Gender
2023-07-27 10:06:57,710 - Ecommerce -INFO - Enter First Name
2023-07-27 10:06:57,840 - Ecommerce -INFO - Enter Last Name
2023-07-27 10:07:00,935 - Ecommerce -INFO - Enter Email Address
2023-07-27 10:07:00,992 - Ecommerce -INFO - Enter Password
2023-07-27 10:07:01,061 - Ecommerce -INFO - Enter confirm Password
2023-07-27 10:07:05,089 - Ecommerce -INFO - Created user succesfully
2023-07-27 10:14:13,613 - Ecommerce -INFO - Enter URL
2023-07-27 10:14:13,747 - Ecommerce -INFO - Maximize browser
2023-07-27 10:14:15,174 - Ecommerce -INFO - clicked on register button
2023-07-27 10:14:15,242 - Ecommerce -INFO - Select Gender
2023-07-27 10:14:15,377 - Ecommerce -INFO - Enter First Name
2023-07-27 10:14:15,438 - Ecommerce -INFO - Enter Last Name
2023-07-27 10:14:18,526 - Ecommerce -INFO - Enter Email Address
2023-07-27 10:14:18,590 - Ecommerce -INFO - Enter Password
2023-07-27 10:14:18,652 - Ecommerce -INFO - Enter confirm Password
2023-07-27 10:14:22,564 - Ecommerce -INFO - Created user succesfully
2023-07-27 10:20:18,783 - Ecommerce -INFO - Enter URL
2023-07-27 10:20:18,902 - Ecommerce -INFO - Maximize browser
2023-07-27 10:20:19,637 - Ecommerce -INFO - clicked on register button
2023-07-27 10:20:19,695 - Ecommerce -INFO - Select Gender
2023-07-27 10:20:19,800 - Ecommerce -INFO - Enter First Name
2023-07-27 10:20:19,910 - Ecommerce -INFO - Enter Last Name
2023-07-27 10:20:22,990 - Ecommerce -INFO - Enter Email Address
2023-07-27 10:20:23,059 - Ecommerce -INFO - Enter Password
2023-07-27 10:20:23,116 - Ecommerce -INFO - Enter confirm Password
2023-07-27 10:20:27,180 - Ecommerce -INFO - Created user succesfully
2023-07-27 10:29:59,128 - Ecommerce -INFO - Enter URL
2023-07-27 10:29:59,259 - Ecommerce -INFO - Maximize browser
2023-07-27 10:30:00,650 - Ecommerce -INFO - clicked on register button
2023-07-27 10:30:00,705 - Ecommerce -INFO - Select Gender
2023-07-27 10:30:00,790 - Ecommerce -INFO - Enter First Name
2023-07-27 10:30:00,866 - Ecommerce -INFO - Enter Last Name
2023-07-27 10:30:03,950 - Ecommerce -INFO - Enter Email Address
2023-07-27 10:30:04,006 - Ecommerce -INFO - Enter Password
2023-07-27 10:30:04,068 - Ecommerce -INFO - Enter confirm Password
2023-07-27 10:30:08,104 - Ecommerce -INFO - Created user succesfully
2023-07-27 10:56:15,108 - Ecommerce -INFO - Enter URL
2023-07-27 10:56:15,238 - Ecommerce -INFO - Maximize browser
2023-07-27 10:56:15,886 - Ecommerce -INFO - clicked on register button
2023-07-27 10:56:15,954 - Ecommerce -INFO - Select Gender
2023-07-27 10:56:16,065 - Ecommerce -INFO - Enter First Name
2023-07-27 10:56:16,153 - Ecommerce -INFO - Enter Last Name
2023-07-27 10:56:19,271 - Ecommerce -INFO - Enter Email Address
2023-07-27 10:56:19,328 - Ecommerce -INFO - Enter Password
2023-07-27 10:56:19,388 - Ecommerce -INFO - Enter confirm Password
2023-07-27 10:56:23,318 - Ecommerce -INFO - Created user succesfully
2023-07-27 10:57:18,221 - Ecommerce -INFO - Enter URL
2023-07-27 10:57:18,355 - Ecommerce -INFO - Maximize browser
2023-07-27 10:57:18,993 - Ecommerce -INFO - clicked on register button
2023-07-27 10:57:19,052 - Ecommerce -INFO - Select Gender
2023-07-27 10:57:19,152 - Ecommerce -INFO - Enter First Name
2023-07-27 10:57:19,241 - Ecommerce -INFO - Enter Last Name
2023-07-27 10:57:22,314 - Ecommerce -INFO - Enter Email Address
2023-07-27 10:57:22,375 - Ecommerce -INFO - Enter Password
2023-07-27 10:57:22,435 - Ecommerce -INFO - Enter confirm Password
2023-07-27 10:57:26,407 - Ecommerce -INFO - Created user succesfully
